info it worked if it ends with ok
verbose cli [ 'node', '/usr/local/bin/npm', 'install', 'WebSocket-Node' ]
info using npm@1.1.24
info using node@v0.6.19
verbose config file /home/httpd/.npmrc
verbose config file /usr/local/etc/npmrc
verbose config file /usr/local/lib/node_modules/npm/npmrc
verbose caching /home/httpd/node_modules/websocket-server/package.json
verbose has bindings.gyp [ undefined,
verbose has bindings.gyp   { file: '/home/httpd/node_modules/websocket/package.json',
verbose has bindings.gyp     gypfile: true,
verbose has bindings.gyp     contributors: false,
verbose has bindings.gyp     serverjs: false,
verbose has bindings.gyp     wscript: true } ]
verbose has wscript [ undefined,
verbose has wscript   { file: '/home/httpd/node_modules/websocket/package.json',
verbose has wscript     gypfile: true,
verbose has wscript     contributors: false,
verbose has wscript     serverjs: false,
verbose has wscript     wscript: true } ]
verbose caching /home/httpd/node_modules/websocket/package.json
verbose cache add [ 'WebSocket-Node', null ]
silly cache add: name, spec, args [ undefined, 'WebSocket-Node', [ 'WebSocket-Node', null ] ]
verbose parsed url { pathname: 'WebSocket-Node',
verbose parsed url   path: 'WebSocket-Node',
verbose parsed url   href: 'WebSocket-Node' }
verbose addNamed [ 'WebSocket-Node', '' ]
verbose addNamed [ null, '' ]
silly name, range, hasData [ 'WebSocket-Node', '', false ]
verbose raw, before any munging WebSocket-Node
verbose url resolving [ 'https://registry.npmjs.org/', './WebSocket-Node' ]
verbose url resolved https://registry.npmjs.org/WebSocket-Node
http GET https://registry.npmjs.org/WebSocket-Node
http 404 https://registry.npmjs.org/WebSocket-Node
silly get cb [ 404,
silly get cb   { server: 'CouchDB/1.2.0 (Erlang OTP/R15B)',
silly get cb     date: 'Mon, 18 Jun 2012 05:15:10 GMT',
silly get cb     'content-type': 'application/json',
silly get cb     'content-length': '52',
silly get cb     'cache-control': 'must-revalidate' } ]
ERR! 404 'WebSocket-Node' is not in the npm registry.
ERR! 404 You should bug the author to publish it
ERR! 404 Note that you can also install from a
ERR! 404 tarball, folder, or http url, or git url.
ERR! 
ERR! System Linux 2.6.32-220.17.1.el6.x86_64
ERR! command "node" "/usr/local/bin/npm" "install" "WebSocket-Node"
ERR! cwd /home/httpd
ERR! node -v v0.6.19
ERR! npm -v 1.1.24
ERR! code E404
ERR! message 404 Not Found: WebSocket-Node
ERR! errno {}
verbose exit [ 1, true ]
